# JRE version: OpenJDK Runtime Environment Temurin-21.0.9+10 (21.0.9+10) (build 21.0.9+10-LTS)
# Java VM: OpenJDK 64-Bit Server VM Temurin-21.0.9+10 (21.0.9+10-LTS, mixed mode, sharing, tiered, compressed oops, compressed class ptrs, parallel gc, windows-amd64)
GC Precious Log:
 CardTable entry size: 512
 CPUs: 12 total, 12 available
 Memory: 32486M
 Large Page Support: Disabled
 NUMA Support: Disabled
 Compressed Oops: Enabled (32-bit)
 Alignments: Space 512K, Generation 512K, Heap 2M
 Heap Min Capacity: 100M
 Heap Initial Capacity: 100M
 Heap Max Capacity: 2G
 Pre-touch: Disabled
 Parallel Workers: 10
Heap:
 PSYoungGen      total 6656K, used 6057K [0x00000000d5580000, 0x00000000d5e00000, 0x0000000100000000)
  eden space 5632K, 96% used [0x00000000d5580000,0x00000000d5ad27c8,0x00000000d5b00000)
  from space 1024K, 59% used [0x00000000d5d00000,0x00000000d5d98000,0x00000000d5e00000)
  to   space 1024K, 0% used [0x00000000d5c00000,0x00000000d5c00000,0x00000000d5d00000)
 ParOldGen       total 421376K, used 212466K [0x0000000080000000, 0x0000000099b80000, 0x00000000d5580000)
  object space 421376K, 50% used [0x0000000080000000,0x000000008cf7cab8,0x0000000099b80000)
 Metaspace       used 63772K, committed 65344K, reserved 1114112K
  class space    used 6766K, committed 7424K, reserved 1048576K
GC Heap History (20 events):
Event: 57.387 GC heap before
{Heap before GC invocations=402 (full 3):
 PSYoungGen      total 6144K, used 5952K [0x00000000d5580000, 0x00000000d5c80000, 0x0000000100000000)
  eden space 5632K, 100% used [0x00000000d5580000,0x00000000d5b00000,0x00000000d5b00000)
  from space 512K, 62% used [0x00000000d5c00000,0x00000000d5c50000,0x00000000d5c80000)
  to   space 512K, 0% used [0x00000000d5b80000,0x00000000d5b80000,0x00000000d5c00000)
 ParOldGen       total 421376K, used 205713K [0x0000000080000000, 0x0000000099b80000, 0x00000000d5580000)
  object space 421376K, 48% used [0x0000000080000000,0x000000008c8e45c0,0x0000000099b80000)
 Metaspace       used 62582K, committed 64128K, reserved 1114112K
  class space    used 6665K, committed 7296K, reserved 1048576K
}
Event: 57.388 GC heap after
{Heap after GC invocations=402 (full 3):
 PSYoungGen      total 6144K, used 424K [0x00000000d5580000, 0x00000000d5c80000, 0x0000000100000000)
  eden space 5632K, 0% used [0x00000000d5580000,0x00000000d5580000,0x00000000d5b00000)
  from space 512K, 82% used [0x00000000d5b80000,0x00000000d5bea3c0,0x00000000d5c00000)
  to   space 512K, 0% used [0x00000000d5c00000,0x00000000d5c00000,0x00000000d5c80000)
 ParOldGen       total 421376K, used 205769K [0x0000000080000000, 0x0000000099b80000, 0x00000000d5580000)
  object space 421376K, 48% used [0x0000000080000000,0x000000008c8f25c0,0x0000000099b80000)
 Metaspace       used 62582K, committed 64128K, reserved 1114112K
  class space    used 6665K, committed 7296K, reserved 1048576K
}
Event: 57.399 GC heap before
{Heap before GC invocations=403 (full 3):
 PSYoungGen      total 6144K, used 6056K [0x00000000d5580000, 0x00000000d5c80000, 0x0000000100000000)
  eden space 5632K, 100% used [0x00000000d5580000,0x00000000d5b00000,0x00000000d5b00000)
  from space 512K, 82% used [0x00000000d5b80000,0x00000000d5bea3c0,0x00000000d5c00000)
  to   space 512K, 0% used [0x00000000d5c00000,0x00000000d5c00000,0x00000000d5c80000)
 ParOldGen       total 421376K, used 205769K [0x0000000080000000, 0x0000000099b80000, 0x00000000d5580000)
  object space 421376K, 48% used [0x0000000080000000,0x000000008c8f25c0,0x0000000099b80000)
 Metaspace       used 62582K, committed 64128K, reserved 1114112K
  class space    used 6665K, committed 7296K, reserved 1048576K
}
Event: 57.400 GC heap after
{Heap after GC invocations=403 (full 3):
 PSYoungGen      total 6144K, used 366K [0x00000000d5580000, 0x00000000d5c80000, 0x0000000100000000)
  eden space 5632K, 0% used [0x00000000d5580000,0x00000000d5580000,0x00000000d5b00000)
  from space 512K, 71% used [0x00000000d5c00000,0x00000000d5c5b998,0x00000000d5c80000)
  to   space 512K, 0% used [0x00000000d5b80000,0x00000000d5b80000,0x00000000d5c00000)
 ParOldGen       total 421376K, used 205793K [0x0000000080000000, 0x0000000099b80000, 0x00000000d5580000)
  object space 421376K, 48% used [0x0000000080000000,0x000000008c8f85c0,0x0000000099b80000)
 Metaspace       used 62582K, committed 64128K, reserved 1114112K
  class space    used 6665K, committed 7296K, reserved 1048576K
}
Event: 57.426 GC heap before
{Heap before GC invocations=404 (full 3):
 PSYoungGen      total 6144K, used 5998K [0x00000000d5580000, 0x00000000d5c80000, 0x0000000100000000)
  eden space 5632K, 100% used [0x00000000d5580000,0x00000000d5b00000,0x00000000d5b00000)
  from space 512K, 71% used [0x00000000d5c00000,0x00000000d5c5b998,0x00000000d5c80000)
  to   space 512K, 0% used [0x00000000d5b80000,0x00000000d5b80000,0x00000000d5c00000)
 ParOldGen       total 421376K, used 205793K [0x0000000080000000, 0x0000000099b80000, 0x00000000d5580000)
  object space 421376K, 48% used [0x0000000080000000,0x000000008c8f85c0,0x0000000099b80000)
 Metaspace       used 62596K, committed 64128K, reserved 1114112K
  class space    used 6665K, committed 7296K, reserved 1048576K
}
Event: 57.427 GC heap after
{Heap after GC invocations=404 (full 3):
 PSYoungGen      total 6144K, used 378K [0x00000000d5580000, 0x00000000d5c80000, 0x0000000100000000)
  eden space 5632K, 0% used [0x00000000d5580000,0x00000000d5580000,0x00000000d5b00000)
  from space 512K, 73% used [0x00000000d5b80000,0x00000000d5bde900,0x00000000d5c00000)
  to   space 512K, 0% used [0x00000000d5c00000,0x00000000d5c00000,0x00000000d5c80000)
 ParOldGen       total 421376K, used 205833K [0x0000000080000000, 0x0000000099b80000, 0x00000000d5580000)
  object space 421376K, 48% used [0x0000000080000000,0x000000008c9025c0,0x0000000099b80000)
 Metaspace       used 62596K, committed 64128K, reserved 1114112K
  class space    used 6665K, committed 7296K, reserved 1048576K
}
Event: 57.449 GC heap before
{Heap before GC invocations=405 (full 3):
 PSYoungGen      total 6144K, used 5915K [0x00000000d5580000, 0x00000000d5c80000, 0x0000000100000000)
  eden space 5632K, 98% used [0x00000000d5580000,0x00000000d5ae8500,0x00000000d5b00000)
  from space 512K, 73% used [0x00000000d5b80000,0x00000000d5bde900,0x00000000d5c00000)
  to   space 512K, 0% used [0x00000000d5c00000,0x00000000d5c00000,0x00000000d5c80000)
 ParOldGen       total 421376K, used 205833K [0x0000000080000000, 0x0000000099b80000, 0x00000000d5580000)
  object space 421376K, 48% used [0x0000000080000000,0x000000008c9025c0,0x0000000099b80000)
 Metaspace       used 62600K, committed 64128K, reserved 1114112K
  class space    used 6665K, committed 7296K, reserved 1048576K
}
Event: 57.450 GC heap after
{Heap after GC invocations=405 (full 3):
 PSYoungGen      total 6144K, used 320K [0x00000000d5580000, 0x00000000d5c80000, 0x0000000100000000)
  eden space 5632K, 0% used [0x00000000d5580000,0x00000000d5580000,0x00000000d5b00000)
  from space 512K, 62% used [0x00000000d5c00000,0x00000000d5c50000,0x00000000d5c80000)
  to   space 512K, 0% used [0x00000000d5b80000,0x00000000d5b80000,0x00000000d5c00000)
 ParOldGen       total 421376K, used 205997K [0x0000000080000000, 0x0000000099b80000, 0x00000000d5580000)
  object space 421376K, 48% used [0x0000000080000000,0x000000008c92b7c0,0x0000000099b80000)
 Metaspace       used 62600K, committed 64128K, reserved 1114112K
  class space    used 6665K, committed 7296K, reserved 1048576K
}
Event: 57.472 GC heap before
{Heap before GC invocations=406 (full 3):
 PSYoungGen      total 6144K, used 5858K [0x00000000d5580000, 0x00000000d5c80000, 0x0000000100000000)
  eden space 5632K, 98% used [0x00000000d5580000,0x00000000d5ae8aa0,0x00000000d5b00000)
  from space 512K, 62% used [0x00000000d5c00000,0x00000000d5c50000,0x00000000d5c80000)
  to   space 512K, 0% used [0x00000000d5b80000,0x00000000d5b80000,0x00000000d5c00000)
 ParOldGen       total 421376K, used 205997K [0x0000000080000000, 0x0000000099b80000, 0x00000000d5580000)
  object space 421376K, 48% used [0x0000000080000000,0x000000008c92b7c0,0x0000000099b80000)
 Metaspace       used 62600K, committed 64128K, reserved 1114112K
  class space    used 6665K, committed 7296K, reserved 1048576K
}
Event: 57.473 GC heap after
{Heap after GC invocations=406 (full 3):
 PSYoungGen      total 6144K, used 320K [0x00000000d5580000, 0x00000000d5c80000, 0x0000000100000000)
  eden space 5632K, 0% used [0x00000000d5580000,0x00000000d5580000,0x00000000d5b00000)
  from space 512K, 62% used [0x00000000d5b80000,0x00000000d5bd0000,0x00000000d5c00000)
  to   space 512K, 0% used [0x00000000d5c00000,0x00000000d5c00000,0x00000000d5c80000)
 ParOldGen       total 421376K, used 206085K [0x0000000080000000, 0x0000000099b80000, 0x00000000d5580000)
  object space 421376K, 48% used [0x0000000080000000,0x000000008c9417c0,0x0000000099b80000)
 Metaspace       used 62600K, committed 64128K, reserved 1114112K
  class space    used 6665K, committed 7296K, reserved 1048576K
}
Event: 353.376 GC heap before
{Heap before GC invocations=407 (full 3):
 PSYoungGen      total 6144K, used 5952K [0x00000000d5580000, 0x00000000d5c80000, 0x0000000100000000)
  eden space 5632K, 100% used [0x00000000d5580000,0x00000000d5b00000,0x00000000d5b00000)
  from space 512K, 62% used [0x00000000d5b80000,0x00000000d5bd0000,0x00000000d5c00000)
  to   space 512K, 0% used [0x00000000d5c00000,0x00000000d5c00000,0x00000000d5c80000)
 ParOldGen       total 421376K, used 206085K [0x0000000080000000, 0x0000000099b80000, 0x00000000d5580000)
  object space 421376K, 48% used [0x0000000080000000,0x000000008c9417c0,0x0000000099b80000)
 Metaspace       used 62919K, committed 64448K, reserved 1114112K
  class space    used 6701K, committed 7360K, reserved 1048576K
}
Event: 353.377 GC heap after
{Heap after GC invocations=407 (full 3):
 PSYoungGen      total 6144K, used 320K [0x00000000d5580000, 0x00000000d5c80000, 0x0000000100000000)
  eden space 5632K, 0% used [0x00000000d5580000,0x00000000d5580000,0x00000000d5b00000)
  from space 512K, 62% used [0x00000000d5c00000,0x00000000d5c50000,0x00000000d5c80000)
  to   space 512K, 0% used [0x00000000d5b80000,0x00000000d5b80000,0x00000000d5c00000)
 ParOldGen       total 421376K, used 206149K [0x0000000080000000, 0x0000000099b80000, 0x00000000d5580000)
  object space 421376K, 48% used [0x0000000080000000,0x000000008c9517c0,0x0000000099b80000)
 Metaspace       used 62919K, committed 64448K, reserved 1114112K
  class space    used 6701K, committed 7360K, reserved 1048576K
}
Event: 353.541 GC heap before
{Heap before GC invocations=408 (full 3):
 PSYoungGen      total 6144K, used 5868K [0x00000000d5580000, 0x00000000d5c80000, 0x0000000100000000)
  eden space 5632K, 98% used [0x00000000d5580000,0x00000000d5aeb008,0x00000000d5b00000)
  from space 512K, 62% used [0x00000000d5c00000,0x00000000d5c50000,0x00000000d5c80000)
  to   space 512K, 0% used [0x00000000d5b80000,0x00000000d5b80000,0x00000000d5c00000)
 ParOldGen       total 421376K, used 206149K [0x0000000080000000, 0x0000000099b80000, 0x00000000d5580000)
  object space 421376K, 48% used [0x0000000080000000,0x000000008c9517c0,0x0000000099b80000)
 Metaspace       used 63035K, committed 64576K, reserved 1114112K
  class space    used 6711K, committed 7360K, reserved 1048576K
}
Event: 353.542 GC heap after
{Heap after GC invocations=408 (full 3):
 PSYoungGen      total 6144K, used 506K [0x00000000d5580000, 0x00000000d6200000, 0x0000000100000000)
  eden space 5632K, 0% used [0x00000000d5580000,0x00000000d5580000,0x00000000d5b00000)
  from space 512K, 98% used [0x00000000d5b80000,0x00000000d5bfe8d0,0x00000000d5c00000)
  to   space 3584K, 0% used [0x00000000d5e80000,0x00000000d5e80000,0x00000000d6200000)
 ParOldGen       total 421376K, used 208483K [0x0000000080000000, 0x0000000099b80000, 0x00000000d5580000)
  object space 421376K, 49% used [0x0000000080000000,0x000000008cb98e50,0x0000000099b80000)
 Metaspace       used 63035K, committed 64576K, reserved 1114112K
  class space    used 6711K, committed 7360K, reserved 1048576K
}
Event: 353.572 GC heap before
{Heap before GC invocations=409 (full 3):
 PSYoungGen      total 6144K, used 6138K [0x00000000d5580000, 0x00000000d6200000, 0x0000000100000000)
  eden space 5632K, 100% used [0x00000000d5580000,0x00000000d5b00000,0x00000000d5b00000)
  from space 512K, 98% used [0x00000000d5b80000,0x00000000d5bfe8d0,0x00000000d5c00000)
  to   space 3584K, 0% used [0x00000000d5e80000,0x00000000d5e80000,0x00000000d6200000)
 ParOldGen       total 421376K, used 208483K [0x0000000080000000, 0x0000000099b80000, 0x00000000d5580000)
  object space 421376K, 49% used [0x0000000080000000,0x000000008cb98e50,0x0000000099b80000)
 Metaspace       used 63057K, committed 64640K, reserved 1114112K
  class space    used 6711K, committed 7360K, reserved 1048576K
}
Event: 353.573 GC heap after
{Heap after GC invocations=409 (full 3):
 PSYoungGen      total 8704K, used 2793K [0x00000000d5580000, 0x00000000d6180000, 0x0000000100000000)
  eden space 5632K, 0% used [0x00000000d5580000,0x00000000d5580000,0x00000000d5b00000)
  from space 3072K, 90% used [0x00000000d5e80000,0x00000000d613a5b0,0x00000000d6180000)
  to   space 3072K, 0% used [0x00000000d5b80000,0x00000000d5b80000,0x00000000d5e80000)
 ParOldGen       total 421376K, used 209005K [0x0000000080000000, 0x0000000099b80000, 0x00000000d5580000)
  object space 421376K, 49% used [0x0000000080000000,0x000000008cc1b448,0x0000000099b80000)
 Metaspace       used 63057K, committed 64640K, reserved 1114112K
  class space    used 6711K, committed 7360K, reserved 1048576K
}
Event: 353.615 GC heap before
{Heap before GC invocations=410 (full 3):
 PSYoungGen      total 8704K, used 8425K [0x00000000d5580000, 0x00000000d6180000, 0x0000000100000000)
  eden space 5632K, 99% used [0x00000000d5580000,0x00000000d5affff0,0x00000000d5b00000)
  from space 3072K, 90% used [0x00000000d5e80000,0x00000000d613a5b0,0x00000000d6180000)
  to   space 3072K, 0% used [0x00000000d5b80000,0x00000000d5b80000,0x00000000d5e80000)
 ParOldGen       total 421376K, used 209005K [0x0000000080000000, 0x0000000099b80000, 0x00000000d5580000)
  object space 421376K, 49% used [0x0000000080000000,0x000000008cc1b448,0x0000000099b80000)
 Metaspace       used 63128K, committed 64640K, reserved 1114112K
  class space    used 6712K, committed 7360K, reserved 1048576K
}
Event: 353.617 GC heap after
{Heap after GC invocations=410 (full 3):
 PSYoungGen      total 7168K, used 1088K [0x00000000d5580000, 0x00000000d5f00000, 0x0000000100000000)
  eden space 5632K, 0% used [0x00000000d5580000,0x00000000d5580000,0x00000000d5b00000)
  from space 1536K, 70% used [0x00000000d5b80000,0x00000000d5c90000,0x00000000d5d00000)
  to   space 2048K, 0% used [0x00000000d5d00000,0x00000000d5d00000,0x00000000d5f00000)
 ParOldGen       total 421376K, used 211582K [0x0000000080000000, 0x0000000099b80000, 0x00000000d5580000)
  object space 421376K, 50% used [0x0000000080000000,0x000000008ce9faa8,0x0000000099b80000)
 Metaspace       used 63128K, committed 64640K, reserved 1114112K
  class space    used 6712K, committed 7360K, reserved 1048576K
}
Event: 353.690 GC heap before
{Heap before GC invocations=411 (full 3):
 PSYoungGen      total 7168K, used 6720K [0x00000000d5580000, 0x00000000d5f00000, 0x0000000100000000)
  eden space 5632K, 100% used [0x00000000d5580000,0x00000000d5b00000,0x00000000d5b00000)
  from space 1536K, 70% used [0x00000000d5b80000,0x00000000d5c90000,0x00000000d5d00000)
  to   space 2048K, 0% used [0x00000000d5d00000,0x00000000d5d00000,0x00000000d5f00000)
 ParOldGen       total 421376K, used 211582K [0x0000000080000000, 0x0000000099b80000, 0x00000000d5580000)
  object space 421376K, 50% used [0x0000000080000000,0x000000008ce9faa8,0x0000000099b80000)
 Metaspace       used 63230K, committed 64768K, reserved 1114112K
  class space    used 6713K, committed 7360K, reserved 1048576K
}
Event: 353.692 GC heap after
{Heap after GC invocations=411 (full 3):
 PSYoungGen      total 6656K, used 608K [0x00000000d5580000, 0x00000000d5e00000, 0x0000000100000000)
  eden space 5632K, 0% used [0x00000000d5580000,0x00000000d5580000,0x00000000d5b00000)
  from space 1024K, 59% used [0x00000000d5d00000,0x00000000d5d98000,0x00000000d5e00000)
  to   space 1024K, 0% used [0x00000000d5c00000,0x00000000d5c00000,0x00000000d5d00000)
 ParOldGen       total 421376K, used 212466K [0x0000000080000000, 0x0000000099b80000, 0x00000000d5580000)
  object space 421376K, 50% used [0x0000000080000000,0x000000008cf7cab8,0x0000000099b80000)
 Metaspace       used 63230K, committed 64768K, reserved 1114112K
  class space    used 6713K, committed 7360K, reserved 1048576K
}

